<?xml version="1.0" encoding="UTF-8"?>
<!-- Generated by org.testng.reporters.JUnitReportReporter -->
<testsuite hostname="Sagars-Laptop.local" failures="0" tests="1" name="com.facebook.Login" time="1.165" errors="0" timestamp="2024-04-27T16:24:39 IST" skipped="0">
  <testcase classname="com.facebook.Login" name="navigate" time="1.165"/>
</testsuite> <!-- com.facebook.Login -->
