<?xml version="1.0" encoding="UTF-8"?>
<!-- Generated by org.testng.reporters.JUnitReportReporter -->
<testsuite hostname="Sagars-Laptop.local" failures="0" tests="1" name="com.facebook.Login" time="1.143" errors="0" timestamp="2024-04-27T16:53:16 IST" skipped="0">
  <testcase classname="com.facebook.Login" name="navigate" time="1.143"/>
</testsuite> <!-- com.facebook.Login -->
